<?xml version='1.1' encoding='UTF-8'?>
<maven2-moduleset plugin="maven-plugin@3.2">
  <actions/>
  <description>Unit Dev Soap UI Test cases</description>
  <keepDependencies>false</keepDependencies>
  <properties>
    <hudson.model.ParametersDefinitionProperty>
      <parameterDefinitions>
        <hudson.model.StringParameterDefinition>
          <name>APPLICATION_NAME</name>
          <description></description>
          <defaultValue></defaultValue>
          <trim>false</trim>
        </hudson.model.StringParameterDefinition>
        <hudson.model.StringParameterDefinition>
          <name>APPSPACE</name>
          <description></description>
          <defaultValue></defaultValue>
          <trim>false</trim>
        </hudson.model.StringParameterDefinition>
        <hudson.model.StringParameterDefinition>
          <name>DOMAIN</name>
          <description></description>
          <defaultValue></defaultValue>
          <trim>false</trim>
        </hudson.model.StringParameterDefinition>
        <hudson.model.StringParameterDefinition>
          <name>BUILD_JOB_VERSION</name>
          <description></description>
          <defaultValue></defaultValue>
          <trim>false</trim>
        </hudson.model.StringParameterDefinition>
        <hudson.model.StringParameterDefinition>
          <name>APPFOLDER</name>
          <description></description>
          <defaultValue></defaultValue>
          <trim>false</trim>
        </hudson.model.StringParameterDefinition>
      </parameterDefinitions>
    </hudson.model.ParametersDefinitionProperty>
  </properties>
  <scm class="hudson.scm.NullSCM"/>
  <assignedNode>master</assignedNode>
  <canRoam>false</canRoam>
  <disabled>false</disabled>
  <blockBuildWhenDownstreamBuilding>false</blockBuildWhenDownstreamBuilding>
  <blockBuildWhenUpstreamBuilding>false</blockBuildWhenUpstreamBuilding>
  <jdk>(System)</jdk>
  <triggers/>
  <concurrentBuild>false</concurrentBuild>
  <rootModule>
    <groupId>com.smartbear.samples</groupId>
    <artifactId>soapui-maven2-plugin</artifactId>
  </rootModule>
  <rootPOM>/var/lib/jenkins/workspace/Deploy-Dev-TS/TEST/pom.xml</rootPOM>
  <goals>test -D servicename=${APPLICATION_NAME} -D endpoint=172.16.19.221</goals>
  <aggregatorStyleBuild>true</aggregatorStyleBuild>
  <incrementalBuild>false</incrementalBuild>
  <ignoreUpstremChanges>false</ignoreUpstremChanges>
  <ignoreUnsuccessfulUpstreams>false</ignoreUnsuccessfulUpstreams>
  <archivingDisabled>false</archivingDisabled>
  <siteArchivingDisabled>false</siteArchivingDisabled>
  <fingerprintingDisabled>false</fingerprintingDisabled>
  <resolveDependencies>false</resolveDependencies>
  <processPlugins>false</processPlugins>
  <mavenValidationLevel>-1</mavenValidationLevel>
  <runHeadless>false</runHeadless>
  <disableTriggerDownstreamProjects>false</disableTriggerDownstreamProjects>
  <blockTriggerWhenBuilding>true</blockTriggerWhenBuilding>
  <settings class="jenkins.mvn.DefaultSettingsProvider"/>
  <globalSettings class="jenkins.mvn.DefaultGlobalSettingsProvider"/>
  <reporters>
    <hudson.maven.reporters.MavenMailer>
      <recipients></recipients>
      <dontNotifyEveryUnstableBuild>false</dontNotifyEveryUnstableBuild>
      <sendToIndividuals>true</sendToIndividuals>
      <perModuleEmail>true</perModuleEmail>
    </hudson.maven.reporters.MavenMailer>
  </reporters>
  <publishers>
    <org.jenkinsci.plugins.discardbuild.DiscardBuildPublisher plugin="discard-old-build@1.05">
      <daysToKeep>1</daysToKeep>
      <numToKeep>1</numToKeep>
      <resultsToDiscard/>
      <minLogFileSize>-1</minLogFileSize>
      <maxLogFileSize>-1</maxLogFileSize>
      <intervalDaysToKeep>-1</intervalDaysToKeep>
      <intervalNumToKeep>-1</intervalNumToKeep>
      <regexp></regexp>
    </org.jenkinsci.plugins.discardbuild.DiscardBuildPublisher>
    <au.com.centrumsystems.hudson.plugin.buildpipeline.trigger.BuildPipelineTrigger plugin="build-pipeline-plugin@1.5.8">
      <configs>
        <hudson.plugins.parameterizedtrigger.CurrentBuildParameters plugin="parameterized-trigger@2.35.2"/>
      </configs>
      <downstreamProjectNames>Deploy-SIT-TS</downstreamProjectNames>
    </au.com.centrumsystems.hudson.plugin.buildpipeline.trigger.BuildPipelineTrigger>
  </publishers>
  <buildWrappers>
    <org.jenkinsci.plugins.builduser.BuildUser plugin="build-user-vars-plugin@1.5"/>
  </buildWrappers>
  <prebuilders>
    <hudson.tasks.Shell>
      <command>set +x

echo &quot;------------------------------------------------&quot;
echo &quot;Confirming existence of TEST CASE SOAPUI PROJECT&quot;
echo &quot;------------------------------------------------&quot;

export APPLICATION_NAME=${APPLICATION_NAME}

echo &quot;APPLICATION_NAME :: ${APPLICATION_NAME}&quot;
echo &quot;BUILD_JOB_VERSION :: ${BUILD_JOB_VERSION}&quot;
echo &quot;APPFOLDER :: ${APPFOLDER}&quot;
echo &quot;CURRENT WORKSPACE :: ${WORKSPACE}&quot;


echo &quot;------------------------------------------------&quot;

testcase=`find /var/lib/jenkins/workspace/Deploy-Dev-TS/TEST -name ${APPLICATION_NAME}-TEST.xml` || echo &quot;ERROR message :: skip if errors&quot;

ls $testcase || echo &quot;ERROR message :: skip if errors&quot;

#set +x
#/home/jenkins/SmartBear/ReadyAPI-2.6.0/bin/testrunner.sh -r -a -j -o &quot;-f${WORKSPACE}/TEST-REPORT&quot; &quot;-RJUNIT-Style HTML Report&quot; -FHTML &quot;/var/lib/jenkins/workspace/Test-Dev-BS/TEST/&quot;$APPLICATION_NAME&quot;-TEST.xml&quot;

echo &quot;------------------------------------------------&quot;</command>
    </hudson.tasks.Shell>
  </prebuilders>
  <postbuilders>
    <hudson.tasks.Shell>
      <command>set +x

export APPFOLDER=${APPFOLDER}
/home/jenkins/jenkins-cron-jobs/del-jenkins-workspace-dir.sh</command>
    </hudson.tasks.Shell>
  </postbuilders>
  <runPostStepsIfResult>
    <name>FAILURE</name>
    <ordinal>2</ordinal>
    <color>RED</color>
    <completeBuild>true</completeBuild>
  </runPostStepsIfResult>
</maven2-moduleset>